# JRE version: OpenJDK Runtime Environment Corretto-17.0.10.7.1 (17.0.10+7) (build 17.0.10+7-LTS)
# Java VM: OpenJDK 64-Bit Server VM Corretto-17.0.10.7.1 (17.0.10+7-LTS, mixed mode, sharing, tiered, compressed oops, compressed class ptrs, g1 gc, windows-amd64)
GC Precious Log:
 CPUs: 8 total, 8 available
 Memory: 12091M
 Large Page Support: Disabled
 NUMA Support: Disabled
 Compressed Oops: Enabled (Zero based)
 Heap Region Size: 2M
 Heap Min Capacity: 8M
 Heap Initial Capacity: 190M
 Heap Max Capacity: 3024M
 Pre-touch: Disabled
 Parallel Workers: 8
 Concurrent Workers: 2
 Concurrent Refinement Workers: 8
 Periodic GC: Disabled
Heap:
 garbage-first heap   total 73728K, used 41943K [0x0000000743000000, 0x0000000800000000)
  region size 2048K, 6 young (12288K), 2 survivors (4096K)
 Metaspace       used 58801K, committed 59456K, reserved 1114112K
  class space    used 7887K, committed 8192K, reserved 1048576K
GC Heap History (20 events):
Event: 6.186 GC heap before
{Heap before GC invocations=5 (full 0):
 garbage-first heap   total 61440K, used 41482K [0x0000000743000000, 0x0000000800000000)
  region size 2048K, 18 young (36864K), 4 survivors (8192K)
 Metaspace       used 25543K, committed 25920K, reserved 1114112K
  class space    used 3232K, committed 3392K, reserved 1048576K
}
Event: 6.203 GC heap after
{Heap after GC invocations=6 (full 0):
 garbage-first heap   total 61440K, used 17227K [0x0000000743000000, 0x0000000800000000)
  region size 2048K, 2 young (4096K), 2 survivors (4096K)
 Metaspace       used 25543K, committed 25920K, reserved 1114112K
  class space    used 3232K, committed 3392K, reserved 1048576K
}
Event: 6.422 GC heap before
{Heap before GC invocations=6 (full 0):
 garbage-first heap   total 61440K, used 19275K [0x0000000743000000, 0x0000000800000000)
  region size 2048K, 3 young (6144K), 2 survivors (4096K)
 Metaspace       used 26128K, committed 26560K, reserved 1114112K
  class space    used 3298K, committed 3520K, reserved 1048576K
}
Event: 6.432 GC heap after
{Heap after GC invocations=7 (full 0):
 garbage-first heap   total 61440K, used 17635K [0x0000000743000000, 0x0000000800000000)
  region size 2048K, 1 young (2048K), 1 survivors (2048K)
 Metaspace       used 26128K, committed 26560K, reserved 1114112K
  class space    used 3298K, committed 3520K, reserved 1048576K
}
Event: 7.145 GC heap before
{Heap before GC invocations=7 (full 0):
 garbage-first heap   total 61440K, used 40163K [0x0000000743000000, 0x0000000800000000)
  region size 2048K, 12 young (24576K), 1 survivors (2048K)
 Metaspace       used 29369K, committed 29824K, reserved 1114112K
  class space    used 3692K, committed 3904K, reserved 1048576K
}
Event: 7.154 GC heap after
{Heap after GC invocations=8 (full 0):
 garbage-first heap   total 61440K, used 18647K [0x0000000743000000, 0x0000000800000000)
  region size 2048K, 1 young (2048K), 1 survivors (2048K)
 Metaspace       used 29369K, committed 29824K, reserved 1114112K
  class space    used 3692K, committed 3904K, reserved 1048576K
}
Event: 7.734 GC heap before
{Heap before GC invocations=8 (full 0):
 garbage-first heap   total 61440K, used 43223K [0x0000000743000000, 0x0000000800000000)
  region size 2048K, 13 young (26624K), 1 survivors (2048K)
 Metaspace       used 31943K, committed 32384K, reserved 1114112K
  class space    used 4063K, committed 4288K, reserved 1048576K
}
Event: 7.743 GC heap after
{Heap after GC invocations=9 (full 0):
 garbage-first heap   total 73728K, used 19522K [0x0000000743000000, 0x0000000800000000)
  region size 2048K, 2 young (4096K), 2 survivors (4096K)
 Metaspace       used 31943K, committed 32384K, reserved 1114112K
  class space    used 4063K, committed 4288K, reserved 1048576K
}
Event: 8.391 GC heap before
{Heap before GC invocations=9 (full 0):
 garbage-first heap   total 73728K, used 35906K [0x0000000743000000, 0x0000000800000000)
  region size 2048K, 11 young (22528K), 2 survivors (4096K)
 Metaspace       used 35695K, committed 36096K, reserved 1114112K
  class space    used 4632K, committed 4800K, reserved 1048576K
}
Event: 8.401 GC heap after
{Heap after GC invocations=10 (full 0):
 garbage-first heap   total 73728K, used 20770K [0x0000000743000000, 0x0000000800000000)
  region size 2048K, 2 young (4096K), 2 survivors (4096K)
 Metaspace       used 35695K, committed 36096K, reserved 1114112K
  class space    used 4632K, committed 4800K, reserved 1048576K
}
Event: 9.277 GC heap before
{Heap before GC invocations=11 (full 0):
 garbage-first heap   total 73728K, used 53538K [0x0000000743000000, 0x0000000800000000)
  region size 2048K, 18 young (36864K), 2 survivors (4096K)
 Metaspace       used 39406K, committed 39872K, reserved 1114112K
  class space    used 5160K, committed 5376K, reserved 1048576K
}
Event: 9.287 GC heap after
{Heap after GC invocations=12 (full 0):
 garbage-first heap   total 73728K, used 26378K [0x0000000743000000, 0x0000000800000000)
  region size 2048K, 3 young (6144K), 3 survivors (6144K)
 Metaspace       used 39406K, committed 39872K, reserved 1114112K
  class space    used 5160K, committed 5376K, reserved 1048576K
}
Event: 11.008 GC heap before
{Heap before GC invocations=12 (full 0):
 garbage-first heap   total 73728K, used 53002K [0x0000000743000000, 0x0000000800000000)
  region size 2048K, 16 young (32768K), 3 survivors (6144K)
 Metaspace       used 43639K, committed 44096K, reserved 1114112K
  class space    used 5869K, committed 6080K, reserved 1048576K
}
Event: 11.016 GC heap after
{Heap after GC invocations=13 (full 0):
 garbage-first heap   total 73728K, used 29138K [0x0000000743000000, 0x0000000800000000)
  region size 2048K, 2 young (4096K), 2 survivors (4096K)
 Metaspace       used 43639K, committed 44096K, reserved 1114112K
  class space    used 5869K, committed 6080K, reserved 1048576K
}
Event: 12.177 GC heap before
{Heap before GC invocations=13 (full 0):
 garbage-first heap   total 73728K, used 53714K [0x0000000743000000, 0x0000000800000000)
  region size 2048K, 14 young (28672K), 2 survivors (4096K)
 Metaspace       used 49391K, committed 49792K, reserved 1114112K
  class space    used 6590K, committed 6784K, reserved 1048576K
}
Event: 12.184 GC heap after
{Heap after GC invocations=14 (full 0):
 garbage-first heap   total 73728K, used 32815K [0x0000000743000000, 0x0000000800000000)
  region size 2048K, 2 young (4096K), 2 survivors (4096K)
 Metaspace       used 49391K, committed 49792K, reserved 1114112K
  class space    used 6590K, committed 6784K, reserved 1048576K
}
Event: 131.669 GC heap before
{Heap before GC invocations=14 (full 0):
 garbage-first heap   total 73728K, used 53295K [0x0000000743000000, 0x0000000800000000)
  region size 2048K, 12 young (24576K), 2 survivors (4096K)
 Metaspace       used 53035K, committed 53632K, reserved 1114112K
  class space    used 7073K, committed 7360K, reserved 1048576K
}
Event: 131.689 GC heap after
{Heap after GC invocations=15 (full 0):
 garbage-first heap   total 73728K, used 34756K [0x0000000743000000, 0x0000000800000000)
  region size 2048K, 2 young (4096K), 2 survivors (4096K)
 Metaspace       used 53035K, committed 53632K, reserved 1114112K
  class space    used 7073K, committed 7360K, reserved 1048576K
}
Event: 283.815 GC heap before
{Heap before GC invocations=15 (full 0):
 garbage-first heap   total 73728K, used 53188K [0x0000000743000000, 0x0000000800000000)
  region size 2048K, 12 young (24576K), 2 survivors (4096K)
 Metaspace       used 57145K, committed 57664K, reserved 1114112K
  class space    used 7617K, committed 7872K, reserved 1048576K
}
Event: 283.819 GC heap after
{Heap after GC invocations=16 (full 0):
 garbage-first heap   total 73728K, used 35799K [0x0000000743000000, 0x0000000800000000)
  region size 2048K, 2 young (4096K), 2 survivors (4096K)
 Metaspace       used 57145K, committed 57664K, reserved 1114112K
  class space    used 7617K, committed 7872K, reserved 1048576K
}

